<?xml version="1.0" encoding="UTF-8"?>
<!-- Generated by org.testng.reporters.JUnitXMLReporter -->
<testsuite ignored="0" hostname="Revathi" failures="0" tests="5" name="Chrome Test" time="43.828" errors="0" timestamp="2025-03-03T17:48:35 CET">
  <testcase classname="testCases.TC003_LoginTest_Dataprovider" name="verify_login" time="2.165"/>
  <testcase classname="testCases.TC003_LoginTest_Dataprovider" name="verify_login" time="11.222"/>
  <testcase classname="testCases.TC003_LoginTest_Dataprovider" name="verify_login" time="11.567"/>
  <testcase classname="testCases.TC003_LoginTest_Dataprovider" name="verify_login" time="2.337"/>
  <testcase classname="testCases.TC003_LoginTest_Dataprovider" name="verify_login" time="11.163"/>
</testsuite> <!-- Chrome Test -->
