<?xml version="1.0" encoding="UTF-8"?>
<testng-results ignored="0" total="5" passed="5" failed="0" skipped="0">
  <reporter-output>
  </reporter-output>
  <suite started-at="2025-03-03T17:47:51 CET" name="Master Suite" finished-at="2025-03-03T17:48:35 CET" duration-ms="43828">
    <groups>
      <group name="regression">
        <method signature="TC003_LoginTest_Dataprovider.verify_login(java.lang.String,java.lang.String,java.lang.String)[pri:0, instance:testCases.TC003_LoginTest_Dataprovider@5c44c582]" name="verify_login" class="testCases.TC003_LoginTest_Dataprovider"/>
      </group> <!-- regression -->
      <group name="master">
        <method signature="TC003_LoginTest_Dataprovider.verify_login(java.lang.String,java.lang.String,java.lang.String)[pri:0, instance:testCases.TC003_LoginTest_Dataprovider@5c44c582]" name="verify_login" class="testCases.TC003_LoginTest_Dataprovider"/>
      </group> <!-- master -->
    </groups>
    <test started-at="2025-03-03T17:47:51 CET" name="Chrome Test" finished-at="2025-03-03T17:48:35 CET" duration-ms="43828">
      <class name="testCases.TC003_LoginTest_Dataprovider">
        <test-method is-config="true" signature="setup(java.lang.String,java.lang.String)[pri:0, instance:testCases.TC003_LoginTest_Dataprovider@5c44c582]" started-at="2025-03-03T17:47:51 CET" name="setup" finished-at="2025-03-03T17:47:55 CET" duration-ms="3830" status="PASS">
          <params>
            <param index="0">
              <value>
                <![CDATA[windows]]>
              </value>
            </param>
            <param index="1">
              <value>
                <![CDATA[chrome]]>
              </value>
            </param>
          </params>
          <reporter-output>
          </reporter-output>
        </test-method> <!-- setup -->
        <test-method signature="verify_login(java.lang.String,java.lang.String,java.lang.String)[pri:0, instance:testCases.TC003_LoginTest_Dataprovider@5c44c582]" started-at="2025-03-03T17:47:56 CET" name="verify_login" data-provider="LoginData" finished-at="2025-03-03T17:47:58 CET" duration-ms="2165" status="PASS">
          <params>
            <param index="0">
              <value>
                <![CDATA[sri.pothineni@gmail.com]]>
              </value>
            </param>
            <param index="1">
              <value>
                <![CDATA[srinath123]]>
              </value>
            </param>
            <param index="2">
              <value>
                <![CDATA[Valid]]>
              </value>
            </param>
          </params>
          <reporter-output>
          </reporter-output>
        </test-method> <!-- verify_login -->
        <test-method signature="verify_login(java.lang.String,java.lang.String,java.lang.String)[pri:0, instance:testCases.TC003_LoginTest_Dataprovider@5c44c582]" started-at="2025-03-03T17:47:58 CET" name="verify_login" data-provider="LoginData" finished-at="2025-03-03T17:48:10 CET" duration-ms="11222" status="PASS">
          <params>
            <param index="0">
              <value>
                <![CDATA[eenadu@gmail.com]]>
              </value>
            </param>
            <param index="1">
              <value>
                <![CDATA[test123]]>
              </value>
            </param>
            <param index="2">
              <value>
                <![CDATA[Invalid]]>
              </value>
            </param>
          </params>
          <reporter-output>
          </reporter-output>
        </test-method> <!-- verify_login -->
        <test-method signature="verify_login(java.lang.String,java.lang.String,java.lang.String)[pri:0, instance:testCases.TC003_LoginTest_Dataprovider@5c44c582]" started-at="2025-03-03T17:48:10 CET" name="verify_login" data-provider="LoginData" finished-at="2025-03-03T17:48:21 CET" duration-ms="11567" status="PASS">
          <params>
            <param index="0">
              <value>
                <![CDATA[test123@gmail.com]]>
              </value>
            </param>
            <param index="1">
              <value>
                <![CDATA[test123]]>
              </value>
            </param>
            <param index="2">
              <value>
                <![CDATA[Invalid]]>
              </value>
            </param>
          </params>
          <reporter-output>
          </reporter-output>
        </test-method> <!-- verify_login -->
        <test-method signature="verify_login(java.lang.String,java.lang.String,java.lang.String)[pri:0, instance:testCases.TC003_LoginTest_Dataprovider@5c44c582]" started-at="2025-03-03T17:48:21 CET" name="verify_login" data-provider="LoginData" finished-at="2025-03-03T17:48:23 CET" duration-ms="2337" status="PASS">
          <params>
            <param index="0">
              <value>
                <![CDATA[abc123@gmail.com]]>
              </value>
            </param>
            <param index="1">
              <value>
                <![CDATA[test@123]]>
              </value>
            </param>
            <param index="2">
              <value>
                <![CDATA[Valid]]>
              </value>
            </param>
          </params>
          <reporter-output>
          </reporter-output>
        </test-method> <!-- verify_login -->
        <test-method signature="verify_login(java.lang.String,java.lang.String,java.lang.String)[pri:0, instance:testCases.TC003_LoginTest_Dataprovider@5c44c582]" started-at="2025-03-03T17:48:23 CET" name="verify_login" data-provider="LoginData" finished-at="2025-03-03T17:48:35 CET" duration-ms="11163" status="PASS">
          <params>
            <param index="0">
              <value>
                <![CDATA[testtest@gmail.com]]>
              </value>
            </param>
            <param index="1">
              <value>
                <![CDATA[test123]]>
              </value>
            </param>
            <param index="2">
              <value>
                <![CDATA[Invalid]]>
              </value>
            </param>
          </params>
          <reporter-output>
          </reporter-output>
        </test-method> <!-- verify_login -->
        <test-method is-config="true" signature="tearDown()[pri:0, instance:testCases.TC003_LoginTest_Dataprovider@5c44c582]" started-at="2025-03-03T17:48:35 CET" name="tearDown" finished-at="2025-03-03T17:48:35 CET" duration-ms="146" status="PASS">
          <reporter-output>
          </reporter-output>
        </test-method> <!-- tearDown -->
      </class> <!-- testCases.TC003_LoginTest_Dataprovider -->
    </test> <!-- Chrome Test -->
  </suite> <!-- Master Suite -->
</testng-results>
